<?xml version="1.0" encoding="UTF-8"?>
<testsuite xmlns:xsi="http://www.w3.org/2001/XMLSchema-instance" xsi:noNamespaceSchemaLocation="https://maven.apache.org/surefire/maven-surefire-plugin/xsd/surefire-test-report.xsd" name="TestJunit1" time="0.003" tests="4" errors="0" skipped="0" failures="0">
  <properties>
[...]
</properties>
  <testcase name="testMultiplyNumbers" classname="TestJunit1" time="0"/>
  <testcase name="testDivideNumbers" classname="TestJunit1" time="0"/>
  <testcase name="testSubtractNumbers" classname="TestJunit1" time="0"/>
  <testcase name="testAddNumbers" classname="TestJunit1" time="0"/>
</testsuite>